<?xml version="1.0" encoding="UTF-8"?>
<coverage generated="1730566402034" clover="3.2.0">
  <project timestamp="1730566402034" name="All files">
    <metrics statements="248" coveredstatements="154" conditionals="73" coveredconditionals="41" methods="35" coveredmethods="24" elements="356" coveredelements="219" complexity="0" loc="248" ncloc="248" packages="2" files="5" classes="5"/>
    <package name="src">
      <metrics statements="13" coveredstatements="0" conditionals="0" coveredconditionals="0" methods="1" coveredmethods="0"/>
      <file name="app.module.ts" path="/Users/stas/projects/examples-tests/dev-challenge-xxi-final/src/app.module.ts">
        <metrics statements="4" coveredstatements="0" conditionals="0" coveredconditionals="0" methods="0" coveredmethods="0"/>
        <line num="1" count="0" type="stmt"/>
        <line num="2" count="0" type="stmt"/>
        <line num="3" count="0" type="stmt"/>
        <line num="17" count="0" type="stmt"/>
      </file>
      <file name="main.ts" path="/Users/stas/projects/examples-tests/dev-challenge-xxi-final/src/main.ts">
        <metrics statements="9" coveredstatements="0" conditionals="0" coveredconditionals="0" methods="1" coveredmethods="0"/>
        <line num="1" count="0" type="stmt"/>
        <line num="2" count="0" type="stmt"/>
        <line num="3" count="0" type="stmt"/>
        <line num="4" count="0" type="stmt"/>
        <line num="7" count="0" type="stmt"/>
        <line num="10" count="0" type="stmt"/>
        <line num="18" count="0" type="stmt"/>
        <line num="20" count="0" type="stmt"/>
        <line num="22" count="0" type="stmt"/>
      </file>
    </package>
    <package name="src.warehouse">
      <metrics statements="235" coveredstatements="154" conditionals="73" coveredconditionals="41" methods="34" coveredmethods="24"/>
      <file name="types.ts" path="/Users/stas/projects/examples-tests/dev-challenge-xxi-final/src/warehouse/types.ts">
        <metrics statements="5" coveredstatements="5" conditionals="2" coveredconditionals="2" methods="1" coveredmethods="1"/>
        <line num="38" count="2" type="cond" truecount="2" falsecount="0"/>
        <line num="39" count="2" type="stmt"/>
        <line num="40" count="2" type="stmt"/>
        <line num="41" count="2" type="stmt"/>
        <line num="42" count="2" type="stmt"/>
      </file>
      <file name="warehouse.controller.ts" path="/Users/stas/projects/examples-tests/dev-challenge-xxi-final/src/warehouse/warehouse.controller.ts">
        <metrics statements="63" coveredstatements="12" conditionals="6" coveredconditionals="0" methods="8" coveredmethods="1"/>
        <line num="1" count="1" type="stmt"/>
        <line num="11" count="1" type="stmt"/>
        <line num="12" count="1" type="stmt"/>
        <line num="15" count="1" type="stmt"/>
        <line num="16" count="1" type="stmt"/>
        <line num="21" count="1" type="stmt"/>
        <line num="22" count="0" type="cond" truecount="0" falsecount="1"/>
        <line num="23" count="0" type="stmt"/>
        <line num="24" count="0" type="stmt"/>
        <line num="26" count="0" type="stmt"/>
        <line num="27" count="0" type="cond" truecount="0" falsecount="1"/>
        <line num="28" count="0" type="stmt"/>
        <line num="29" count="0" type="stmt"/>
        <line num="31" count="0" type="stmt"/>
        <line num="32" count="0" type="stmt"/>
        <line num="38" count="1" type="stmt"/>
        <line num="39" count="0" type="cond" truecount="0" falsecount="1"/>
        <line num="40" count="0" type="stmt"/>
        <line num="41" count="0" type="stmt"/>
        <line num="43" count="0" type="stmt"/>
        <line num="44" count="0" type="cond" truecount="0" falsecount="1"/>
        <line num="45" count="0" type="stmt"/>
        <line num="46" count="0" type="stmt"/>
        <line num="48" count="0" type="stmt"/>
        <line num="49" count="0" type="stmt"/>
        <line num="55" count="1" type="stmt"/>
        <line num="56" count="0" type="stmt"/>
        <line num="57" count="0" type="stmt"/>
        <line num="58" count="0" type="stmt"/>
        <line num="59" count="0" type="stmt"/>
        <line num="61" count="0" type="stmt"/>
        <line num="62" count="0" type="stmt"/>
        <line num="69" count="1" type="stmt"/>
        <line num="70" count="0" type="stmt"/>
        <line num="71" count="0" type="stmt"/>
        <line num="72" count="0" type="stmt"/>
        <line num="73" count="0" type="stmt"/>
        <line num="75" count="0" type="stmt"/>
        <line num="76" count="0" type="stmt"/>
        <line num="83" count="1" type="stmt"/>
        <line num="84" count="0" type="stmt"/>
        <line num="85" count="0" type="stmt"/>
        <line num="86" count="0" type="stmt"/>
        <line num="88" count="0" type="stmt"/>
        <line num="89" count="0" type="stmt"/>
        <line num="96" count="1" type="stmt"/>
        <line num="103" count="0" type="stmt"/>
        <line num="104" count="0" type="cond" truecount="0" falsecount="1"/>
        <line num="105" count="0" type="stmt"/>
        <line num="107" count="0" type="cond" truecount="0" falsecount="1"/>
        <line num="108" count="0" type="stmt"/>
        <line num="111" count="0" type="stmt"/>
        <line num="112" count="0" type="stmt"/>
        <line num="113" count="0" type="stmt"/>
        <line num="114" count="0" type="stmt"/>
        <line num="116" count="0" type="stmt"/>
        <line num="117" count="0" type="stmt"/>
        <line num="124" count="1" type="stmt"/>
        <line num="125" count="0" type="stmt"/>
        <line num="126" count="0" type="stmt"/>
        <line num="127" count="0" type="stmt"/>
        <line num="128" count="0" type="stmt"/>
        <line num="130" count="0" type="stmt"/>
      </file>
      <file name="warehouse.ts" path="/Users/stas/projects/examples-tests/dev-challenge-xxi-final/src/warehouse/warehouse.ts">
        <metrics statements="167" coveredstatements="137" conditionals="65" coveredconditionals="39" methods="25" coveredmethods="22"/>
        <line num="1" count="2" type="stmt"/>
        <line num="2" count="2" type="stmt"/>
        <line num="3" count="2" type="stmt"/>
        <line num="4" count="2" type="stmt"/>
        <line num="6" count="2" type="stmt"/>
        <line num="7" count="2" type="stmt"/>
        <line num="8" count="2" type="stmt"/>
        <line num="13" count="2" type="stmt"/>
        <line num="14" count="22" type="stmt"/>
        <line num="15" count="22" type="stmt"/>
        <line num="16" count="22" type="stmt"/>
        <line num="19" count="22" type="stmt"/>
        <line num="23" count="2" type="stmt"/>
        <line num="27" count="0" type="cond" truecount="0" falsecount="5"/>
        <line num="29" count="0" type="stmt"/>
        <line num="31" count="0" type="stmt"/>
        <line num="33" count="0" type="stmt"/>
        <line num="35" count="0" type="stmt"/>
        <line num="37" count="0" type="stmt"/>
        <line num="43" count="2" type="stmt"/>
        <line num="44" count="2" type="stmt"/>
        <line num="45" count="2" type="stmt"/>
        <line num="46" count="2" type="stmt"/>
        <line num="48" count="2" type="stmt"/>
        <line num="52" count="18" type="stmt"/>
        <line num="53" count="18" type="stmt"/>
        <line num="54" count="18" type="stmt"/>
        <line num="56" count="18" type="stmt"/>
        <line num="57" count="50" type="stmt"/>
        <line num="59" count="50" type="stmt"/>
        <line num="60" count="47" type="stmt"/>
        <line num="62" count="3" type="stmt"/>
        <line num="63" count="3" type="stmt"/>
        <line num="70" count="3" type="stmt"/>
        <line num="74" count="18" type="stmt"/>
        <line num="76" count="18" type="cond" truecount="1" falsecount="0"/>
        <line num="77" count="1" type="stmt"/>
        <line num="78" count="2" type="stmt"/>
        <line num="81" count="17" type="stmt"/>
        <line num="88" count="11" type="stmt"/>
        <line num="89" count="11" type="stmt"/>
        <line num="90" count="11" type="stmt"/>
        <line num="92" count="11" type="stmt"/>
        <line num="93" count="44" type="stmt"/>
        <line num="94" count="44" type="stmt"/>
        <line num="95" count="42" type="stmt"/>
        <line num="97" count="2" type="stmt"/>
        <line num="98" count="2" type="stmt"/>
        <line num="105" count="2" type="stmt"/>
        <line num="109" count="11" type="stmt"/>
        <line num="111" count="11" type="cond" truecount="0" falsecount="1"/>
        <line num="112" count="0" type="stmt"/>
        <line num="113" count="0" type="stmt"/>
        <line num="116" count="11" type="stmt"/>
        <line num="123" count="1" type="stmt"/>
        <line num="124" count="1" type="stmt"/>
        <line num="126" count="1" type="cond" truecount="2" falsecount="1"/>
        <line num="127" count="0" type="stmt"/>
        <line num="130" count="1" type="stmt"/>
        <line num="132" count="1" type="cond" truecount="0" falsecount="1"/>
        <line num="133" count="0" type="stmt"/>
        <line num="136" count="1" type="stmt"/>
        <line num="138" count="1" type="stmt"/>
        <line num="139" count="4" type="cond" truecount="1" falsecount="0"/>
        <line num="140" count="4" type="stmt"/>
        <line num="141" count="4" type="cond" truecount="2" falsecount="0"/>
        <line num="142" count="2" type="stmt"/>
        <line num="143" count="2" type="stmt"/>
        <line num="144" count="2" type="stmt"/>
        <line num="145" count="2" type="stmt"/>
        <line num="146" count="2" type="stmt"/>
        <line num="148" count="2" type="stmt"/>
        <line num="159" count="1" type="stmt"/>
        <line num="163" count="6" type="stmt"/>
        <line num="164" count="6" type="stmt"/>
        <line num="166" count="6" type="cond" truecount="2" falsecount="1"/>
        <line num="167" count="0" type="stmt"/>
        <line num="170" count="6" type="stmt"/>
        <line num="172" count="6" type="cond" truecount="0" falsecount="1"/>
        <line num="173" count="0" type="stmt"/>
        <line num="176" count="24" type="stmt"/>
        <line num="180" count="6" type="stmt"/>
        <line num="182" count="6" type="cond" truecount="0" falsecount="1"/>
        <line num="183" count="0" type="stmt"/>
        <line num="186" count="6" type="stmt"/>
        <line num="187" count="24" type="cond" truecount="4" falsecount="1"/>
        <line num="189" count="11" type="stmt"/>
        <line num="191" count="3" type="stmt"/>
        <line num="193" count="5" type="stmt"/>
        <line num="195" count="5" type="stmt"/>
        <line num="197" count="0" type="stmt"/>
        <line num="201" count="20" type="cond" truecount="2" falsecount="0"/>
        <line num="212" count="57" type="cond" truecount="2" falsecount="0"/>
        <line num="213" count="57" type="stmt"/>
        <line num="215" count="57" type="cond" truecount="2" falsecount="1"/>
        <line num="216" count="0" type="stmt"/>
        <line num="219" count="57" type="stmt"/>
        <line num="221" count="57" type="cond" truecount="0" falsecount="1"/>
        <line num="222" count="0" type="stmt"/>
        <line num="225" count="57" type="stmt"/>
        <line num="226" count="159" type="cond" truecount="3" falsecount="0"/>
        <line num="227" count="64" type="stmt"/>
        <line num="229" count="95" type="stmt"/>
        <line num="232" count="57" type="cond" truecount="3" falsecount="0"/>
        <line num="233" count="48" type="stmt"/>
        <line num="236" count="17" type="stmt"/>
        <line num="244" count="2" type="cond" truecount="3" falsecount="0"/>
        <line num="245" count="2" type="stmt"/>
        <line num="248" count="0" type="cond" truecount="0" falsecount="2"/>
        <line num="249" count="0" type="stmt"/>
        <line num="251" count="0" type="cond" truecount="0" falsecount="3"/>
        <line num="252" count="0" type="stmt"/>
        <line num="255" count="0" type="stmt"/>
        <line num="257" count="0" type="cond" truecount="0" falsecount="1"/>
        <line num="258" count="0" type="stmt"/>
        <line num="261" count="0" type="stmt"/>
        <line num="265" count="222" type="stmt"/>
        <line num="266" count="222" type="stmt"/>
        <line num="270" count="50" type="stmt"/>
        <line num="271" count="47" type="stmt"/>
        <line num="275" count="44" type="stmt"/>
        <line num="276" count="44" type="stmt"/>
        <line num="278" count="44" type="cond" truecount="0" falsecount="1"/>
        <line num="279" count="0" type="stmt"/>
        <line num="282" count="44" type="stmt"/>
        <line num="283" count="44" type="stmt"/>
        <line num="284" count="44" type="stmt"/>
        <line num="285" count="44" type="stmt"/>
        <line num="287" count="44" type="stmt"/>
        <line num="288" count="53" type="cond" truecount="1" falsecount="0"/>
        <line num="291" count="48" type="stmt"/>
        <line num="293" count="48" type="stmt"/>
        <line num="295" count="48" type="stmt"/>
        <line num="298" count="48" type="stmt"/>
        <line num="299" count="48" type="cond" truecount="2" falsecount="0"/>
        <line num="301" count="7" type="stmt"/>
        <line num="304" count="41" type="stmt"/>
        <line num="308" count="44" type="cond" truecount="1" falsecount="0"/>
        <line num="309" count="2" type="stmt"/>
        <line num="313" count="42" type="stmt"/>
        <line num="315" count="42" type="stmt"/>
        <line num="317" count="42" type="stmt"/>
        <line num="319" count="99" type="stmt"/>
        <line num="320" count="42" type="stmt"/>
        <line num="321" count="94" type="stmt"/>
        <line num="322" count="92" type="cond" truecount="1" falsecount="0"/>
        <line num="323" count="41" type="stmt"/>
        <line num="328" count="42" type="stmt"/>
        <line num="332" count="44" type="stmt"/>
        <line num="333" count="44" type="stmt"/>
        <line num="337" count="94" type="cond" truecount="0" falsecount="1"/>
        <line num="338" count="0" type="stmt"/>
        <line num="341" count="94" type="cond" truecount="0" falsecount="1"/>
        <line num="342" count="0" type="stmt"/>
        <line num="345" count="94" type="stmt"/>
        <line num="347" count="94" type="cond" truecount="0" falsecount="1"/>
        <line num="348" count="0" type="stmt"/>
        <line num="351" count="94" type="cond" truecount="0" falsecount="1"/>
        <line num="352" count="0" type="stmt"/>
        <line num="355" count="94" type="cond" truecount="0" falsecount="1"/>
        <line num="356" count="0" type="stmt"/>
        <line num="359" count="94" type="cond" truecount="1" falsecount="0"/>
        <line num="360" count="1" type="stmt"/>
        <line num="363" count="93" type="cond" truecount="1" falsecount="0"/>
        <line num="364" count="2" type="stmt"/>
        <line num="367" count="91" type="stmt"/>
        <line num="369" count="91" type="stmt"/>
      </file>
    </package>
  </project>
</coverage>
