{"/Users/stas/projects/examples-tests/dev-challenge-xxi-final/src/app.module.ts": {"path":"/Users/stas/projects/examples-tests/dev-challenge-xxi-final/src/app.module.ts","statementMap":{"0":{"start":{"line":1,"column":0},"end":{"line":1,"column":48}},"1":{"start":{"line":2,"column":0},"end":{"line":2,"column":71}},"2":{"start":{"line":3,"column":0},"end":{"line":3,"column":57}},"3":{"start":{"line":17,"column":7},"end":{"line":17,"column":null}},"4":{"start":{"line":17,"column":13},"end":{"line":17,"column":22}},"5":{"start":{"line":17,"column":13},"end":{"line":17,"column":null}}},"fnMap":{},"branchMap":{},"s":{"0":0,"1":0,"2":0,"3":0,"4":0,"5":0},"f":{},"b":{}}
,"/Users/stas/projects/examples-tests/dev-challenge-xxi-final/src/main.ts": {"path":"/Users/stas/projects/examples-tests/dev-challenge-xxi-final/src/main.ts","statementMap":{"0":{"start":{"line":1,"column":0},"end":{"line":1,"column":43}},"1":{"start":{"line":2,"column":0},"end":{"line":2,"column":41}},"2":{"start":{"line":3,"column":0},"end":{"line":3,"column":56}},"3":{"start":{"line":4,"column":17},"end":{"line":4,"column":28}},"4":{"start":{"line":7,"column":14},"end":{"line":9,"column":4}},"5":{"start":{"line":10,"column":2},"end":{"line":16,"column":4}},"6":{"start":{"line":18,"column":2},"end":{"line":18,"column":39}},"7":{"start":{"line":20,"column":2},"end":{"line":20,"column":25}},"8":{"start":{"line":22,"column":0},"end":{"line":22,"column":12}}},"fnMap":{"0":{"name":"bootstrap","decl":{"start":{"line":6,"column":15},"end":{"line":6,"column":24}},"loc":{"start":{"line":6,"column":24},"end":{"line":21,"column":1}}}},"branchMap":{},"s":{"0":0,"1":0,"2":0,"3":0,"4":0,"5":0,"6":0,"7":0,"8":0},"f":{"0":0},"b":{}}
,"/Users/stas/projects/examples-tests/dev-challenge-xxi-final/src/warehouse/types.ts": {"path":"/Users/stas/projects/examples-tests/dev-challenge-xxi-final/src/warehouse/types.ts","statementMap":{"0":{"start":{"line":38,"column":0},"end":{"line":38,"column":null}},"1":{"start":{"line":39,"column":4},"end":{"line":39,"column":null}},"2":{"start":{"line":40,"column":4},"end":{"line":40,"column":null}},"3":{"start":{"line":41,"column":4},"end":{"line":41,"column":null}},"4":{"start":{"line":42,"column":4},"end":{"line":42,"column":null}}},"fnMap":{"0":{"name":"(anonymous_0)","decl":{"start":{"line":38,"column":0},"end":{"line":38,"column":12}},"loc":{"start":{"line":38,"column":28},"end":{"line":43,"column":1}}}},"branchMap":{"0":{"loc":{"start":{"line":38,"column":12},"end":{"line":38,"column":null}},"type":"binary-expr","locations":[{"start":{"line":38,"column":12},"end":{"line":38,"column":28}},{"start":{"line":38,"column":28},"end":{"line":38,"column":null}}]}},"s":{"0":2,"1":2,"2":2,"3":2,"4":2},"f":{"0":2},"b":{"0":[2,2]}}
,"/Users/stas/projects/examples-tests/dev-challenge-xxi-final/src/warehouse/warehouse.controller.ts": {"path":"/Users/stas/projects/examples-tests/dev-challenge-xxi-final/src/warehouse/warehouse.controller.ts","statementMap":{"0":{"start":{"line":1,"column":0},"end":{"line":1,"column":null}},"1":{"start":{"line":11,"column":0},"end":{"line":11,"column":47}},"2":{"start":{"line":12,"column":0},"end":{"line":12,"column":111}},"3":{"start":{"line":15,"column":7},"end":{"line":133,"column":null}},"4":{"start":{"line":16,"column":31},"end":{"line":16,"column":49}},"5":{"start":{"line":22,"column":4},"end":{"line":25,"column":5}},"6":{"start":{"line":23,"column":6},"end":{"line":23,"column":84}},"7":{"start":{"line":24,"column":6},"end":{"line":24,"column":13}},"8":{"start":{"line":26,"column":19},"end":{"line":26,"column":67}},"9":{"start":{"line":27,"column":4},"end":{"line":30,"column":5}},"10":{"start":{"line":28,"column":6},"end":{"line":28,"column":40}},"11":{"start":{"line":29,"column":6},"end":{"line":29,"column":13}},"12":{"start":{"line":31,"column":4},"end":{"line":31,"column":48}},"13":{"start":{"line":32,"column":4},"end":{"line":32,"column":11}},"14":{"start":{"line":39,"column":4},"end":{"line":42,"column":5}},"15":{"start":{"line":40,"column":6},"end":{"line":40,"column":84}},"16":{"start":{"line":41,"column":6},"end":{"line":41,"column":13}},"17":{"start":{"line":43,"column":19},"end":{"line":43,"column":61}},"18":{"start":{"line":44,"column":4},"end":{"line":47,"column":5}},"19":{"start":{"line":45,"column":6},"end":{"line":45,"column":40}},"20":{"start":{"line":46,"column":6},"end":{"line":46,"column":13}},"21":{"start":{"line":48,"column":4},"end":{"line":48,"column":48}},"22":{"start":{"line":49,"column":4},"end":{"line":49,"column":11}},"23":{"start":{"line":56,"column":4},"end":{"line":63,"column":5}},"24":{"start":{"line":57,"column":21},"end":{"line":57,"column":66}},"25":{"start":{"line":58,"column":6},"end":{"line":58,"column":50}},"26":{"start":{"line":59,"column":6},"end":{"line":59,"column":13}},"27":{"start":{"line":61,"column":6},"end":{"line":61,"column":57}},"28":{"start":{"line":62,"column":6},"end":{"line":62,"column":13}},"29":{"start":{"line":70,"column":4},"end":{"line":77,"column":5}},"30":{"start":{"line":71,"column":21},"end":{"line":71,"column":77}},"31":{"start":{"line":72,"column":6},"end":{"line":72,"column":50}},"32":{"start":{"line":73,"column":6},"end":{"line":73,"column":13}},"33":{"start":{"line":75,"column":6},"end":{"line":75,"column":57}},"34":{"start":{"line":76,"column":6},"end":{"line":76,"column":13}},"35":{"start":{"line":84,"column":4},"end":{"line":90,"column":5}},"36":{"start":{"line":85,"column":21},"end":{"line":85,"column":66}},"37":{"start":{"line":86,"column":6},"end":{"line":86,"column":50}},"38":{"start":{"line":88,"column":6},"end":{"line":88,"column":57}},"39":{"start":{"line":89,"column":6},"end":{"line":89,"column":13}},"40":{"start":{"line":103,"column":31},"end":{"line":103,"column":42}},"41":{"start":{"line":104,"column":4},"end":{"line":106,"column":5}},"42":{"start":{"line":105,"column":6},"end":{"line":105,"column":72}},"43":{"start":{"line":107,"column":4},"end":{"line":109,"column":5}},"44":{"start":{"line":108,"column":6},"end":{"line":108,"column":78}},"45":{"start":{"line":111,"column":4},"end":{"line":118,"column":5}},"46":{"start":{"line":112,"column":21},"end":{"line":112,"column":71}},"47":{"start":{"line":113,"column":21},"end":{"line":113,"column":88}},"48":{"start":{"line":114,"column":6},"end":{"line":114,"column":50}},"49":{"start":{"line":116,"column":6},"end":{"line":116,"column":57}},"50":{"start":{"line":117,"column":6},"end":{"line":117,"column":13}},"51":{"start":{"line":125,"column":4},"end":{"line":131,"column":5}},"52":{"start":{"line":126,"column":21},"end":{"line":126,"column":54}},"53":{"start":{"line":127,"column":6},"end":{"line":127,"column":50}},"54":{"start":{"line":128,"column":6},"end":{"line":128,"column":13}},"55":{"start":{"line":130,"column":6},"end":{"line":130,"column":57}},"56":{"start":{"line":15,"column":13},"end":{"line":15,"column":32}},"57":{"start":{"line":21,"column":8},"end":{"line":33,"column":null}},"58":{"start":{"line":38,"column":8},"end":{"line":50,"column":null}},"59":{"start":{"line":55,"column":8},"end":{"line":64,"column":null}},"60":{"start":{"line":69,"column":8},"end":{"line":78,"column":null}},"61":{"start":{"line":83,"column":8},"end":{"line":91,"column":null}},"62":{"start":{"line":96,"column":8},"end":{"line":119,"column":null}},"63":{"start":{"line":124,"column":8},"end":{"line":132,"column":null}},"64":{"start":{"line":15,"column":13},"end":{"line":133,"column":null}}},"fnMap":{"0":{"name":"(anonymous_4)","decl":{"start":{"line":16,"column":2},"end":{"line":16,"column":31}},"loc":{"start":{"line":16,"column":65},"end":{"line":16,"column":69}}},"1":{"name":"(anonymous_5)","decl":{"start":{"line":21,"column":2},"end":{"line":21,"column":7}},"loc":{"start":{"line":21,"column":87},"end":{"line":33,"column":3}}},"2":{"name":"(anonymous_6)","decl":{"start":{"line":38,"column":2},"end":{"line":38,"column":7}},"loc":{"start":{"line":38,"column":81},"end":{"line":50,"column":3}}},"3":{"name":"(anonymous_7)","decl":{"start":{"line":55,"column":2},"end":{"line":55,"column":7}},"loc":{"start":{"line":55,"column":97},"end":{"line":64,"column":3}}},"4":{"name":"(anonymous_8)","decl":{"start":{"line":69,"column":2},"end":{"line":69,"column":7}},"loc":{"start":{"line":69,"column":103},"end":{"line":78,"column":3}}},"5":{"name":"(anonymous_9)","decl":{"start":{"line":83,"column":2},"end":{"line":83,"column":7}},"loc":{"start":{"line":83,"column":97},"end":{"line":91,"column":3}}},"6":{"name":"(anonymous_10)","decl":{"start":{"line":96,"column":2},"end":{"line":96,"column":7}},"loc":{"start":{"line":101,"column":29},"end":{"line":119,"column":3}}},"7":{"name":"(anonymous_11)","decl":{"start":{"line":124,"column":2},"end":{"line":124,"column":7}},"loc":{"start":{"line":124,"column":40},"end":{"line":132,"column":3}}}},"branchMap":{"0":{"loc":{"start":{"line":22,"column":4},"end":{"line":25,"column":5}},"type":"if","locations":[{"start":{"line":22,"column":4},"end":{"line":25,"column":5}}]},"1":{"loc":{"start":{"line":27,"column":4},"end":{"line":30,"column":5}},"type":"if","locations":[{"start":{"line":27,"column":4},"end":{"line":30,"column":5}}]},"2":{"loc":{"start":{"line":39,"column":4},"end":{"line":42,"column":5}},"type":"if","locations":[{"start":{"line":39,"column":4},"end":{"line":42,"column":5}}]},"3":{"loc":{"start":{"line":44,"column":4},"end":{"line":47,"column":5}},"type":"if","locations":[{"start":{"line":44,"column":4},"end":{"line":47,"column":5}}]},"4":{"loc":{"start":{"line":104,"column":4},"end":{"line":106,"column":5}},"type":"if","locations":[{"start":{"line":104,"column":4},"end":{"line":106,"column":5}}]},"5":{"loc":{"start":{"line":107,"column":4},"end":{"line":109,"column":5}},"type":"if","locations":[{"start":{"line":107,"column":4},"end":{"line":109,"column":5}}]}},"s":{"0":1,"1":1,"2":1,"3":1,"4":1,"5":0,"6":0,"7":0,"8":0,"9":0,"10":0,"11":0,"12":0,"13":0,"14":0,"15":0,"16":0,"17":0,"18":0,"19":0,"20":0,"21":0,"22":0,"23":0,"24":0,"25":0,"26":0,"27":0,"28":0,"29":0,"30":0,"31":0,"32":0,"33":0,"34":0,"35":0,"36":0,"37":0,"38":0,"39":0,"40":0,"41":0,"42":0,"43":0,"44":0,"45":0,"46":0,"47":0,"48":0,"49":0,"50":0,"51":0,"52":0,"53":0,"54":0,"55":0,"56":1,"57":1,"58":1,"59":1,"60":1,"61":1,"62":1,"63":1,"64":1},"f":{"0":1,"1":0,"2":0,"3":0,"4":0,"5":0,"6":0,"7":0},"b":{"0":[0],"1":[0],"2":[0],"3":[0],"4":[0],"5":[0]}}
,"/Users/stas/projects/examples-tests/dev-challenge-xxi-final/src/warehouse/warehouse.ts": {"path":"/Users/stas/projects/examples-tests/dev-challenge-xxi-final/src/warehouse/warehouse.ts","statementMap":{"0":{"start":{"line":1,"column":0},"end":{"line":1,"column":52}},"1":{"start":{"line":2,"column":0},"end":{"line":2,"column":43}},"2":{"start":{"line":3,"column":0},"end":{"line":3,"column":36}},"3":{"start":{"line":4,"column":0},"end":{"line":4,"column":142}},"4":{"start":{"line":6,"column":25},"end":{"line":6,"column":30}},"5":{"start":{"line":7,"column":20},"end":{"line":7,"column":32}},"6":{"start":{"line":8,"column":23},"end":{"line":10,"column":null}},"7":{"start":{"line":13,"column":7},"end":{"line":375,"column":null}},"8":{"start":{"line":19,"column":25},"end":{"line":19,"column":33}},"9":{"start":{"line":14,"column":12},"end":{"line":14,"column":40}},"10":{"start":{"line":15,"column":12},"end":{"line":15,"column":35}},"11":{"start":{"line":16,"column":12},"end":{"line":16,"column":33}},"12":{"start":{"line":23,"column":8},"end":{"line":23,"column":null}},"13":{"start":{"line":27,"column":8},"end":{"line":38,"column":9}},"14":{"start":{"line":29,"column":16},"end":{"line":29,"column":47}},"15":{"start":{"line":31,"column":16},"end":{"line":31,"column":47}},"16":{"start":{"line":33,"column":16},"end":{"line":33,"column":44}},"17":{"start":{"line":35,"column":16},"end":{"line":35,"column":44}},"18":{"start":{"line":37,"column":16},"end":{"line":37,"column":55}},"19":{"start":{"line":43,"column":24},"end":{"line":43,"column":64}},"20":{"start":{"line":44,"column":8},"end":{"line":44,"column":27}},"21":{"start":{"line":45,"column":8},"end":{"line":45,"column":24}},"22":{"start":{"line":46,"column":8},"end":{"line":46,"column":25}},"23":{"start":{"line":48,"column":8},"end":{"line":48,"column":27}},"24":{"start":{"line":52,"column":22},"end":{"line":52,"column":23}},"25":{"start":{"line":53,"column":21},"end":{"line":53,"column":22}},"26":{"start":{"line":54,"column":37},"end":{"line":54,"column":39}},"27":{"start":{"line":56,"column":8},"end":{"line":72,"column":9}},"28":{"start":{"line":57,"column":12},"end":{"line":71,"column":13}},"29":{"start":{"line":59,"column":16},"end":{"line":59,"column":37}},"30":{"start":{"line":60,"column":16},"end":{"line":60,"column":26}},"31":{"start":{"line":62,"column":16},"end":{"line":62,"column":48}},"32":{"start":{"line":63,"column":16},"end":{"line":69,"column":19}},"33":{"start":{"line":70,"column":16},"end":{"line":70,"column":25}},"34":{"start":{"line":74,"column":8},"end":{"line":74,"column":43}},"35":{"start":{"line":76,"column":8},"end":{"line":79,"column":9}},"36":{"start":{"line":77,"column":12},"end":{"line":77,"column":55}},"37":{"start":{"line":78,"column":12},"end":{"line":78,"column":67}},"38":{"start":{"line":78,"column":53},"end":{"line":78,"column":63}},"39":{"start":{"line":81,"column":8},"end":{"line":84,"column":null}},"40":{"start":{"line":88,"column":22},"end":{"line":88,"column":23}},"41":{"start":{"line":89,"column":21},"end":{"line":89,"column":22}},"42":{"start":{"line":90,"column":37},"end":{"line":90,"column":39}},"43":{"start":{"line":92,"column":8},"end":{"line":107,"column":9}},"44":{"start":{"line":93,"column":12},"end":{"line":106,"column":13}},"45":{"start":{"line":94,"column":16},"end":{"line":94,"column":35}},"46":{"start":{"line":95,"column":16},"end":{"line":95,"column":26}},"47":{"start":{"line":97,"column":16},"end":{"line":97,"column":48}},"48":{"start":{"line":98,"column":16},"end":{"line":104,"column":19}},"49":{"start":{"line":105,"column":16},"end":{"line":105,"column":25}},"50":{"start":{"line":109,"column":8},"end":{"line":109,"column":43}},"51":{"start":{"line":111,"column":8},"end":{"line":114,"column":9}},"52":{"start":{"line":112,"column":12},"end":{"line":112,"column":52}},"53":{"start":{"line":113,"column":12},"end":{"line":113,"column":67}},"54":{"start":{"line":113,"column":53},"end":{"line":113,"column":63}},"55":{"start":{"line":116,"column":8},"end":{"line":119,"column":null}},"56":{"start":{"line":123,"column":26},"end":{"line":123,"column":56}},"57":{"start":{"line":124,"column":24},"end":{"line":124,"column":52}},"58":{"start":{"line":126,"column":8},"end":{"line":128,"column":9}},"59":{"start":{"line":127,"column":12},"end":{"line":127,"column":50}},"60":{"start":{"line":130,"column":25},"end":{"line":130,"column":67}},"61":{"start":{"line":132,"column":8},"end":{"line":134,"column":9}},"62":{"start":{"line":133,"column":12},"end":{"line":133,"column":76}},"63":{"start":{"line":136,"column":30},"end":{"line":136,"column":67}},"64":{"start":{"line":138,"column":8},"end":{"line":157,"column":9}},"65":{"start":{"line":139,"column":12},"end":{"line":156,"column":13}},"66":{"start":{"line":140,"column":36},"end":{"line":140,"column":63}},"67":{"start":{"line":141,"column":16},"end":{"line":155,"column":17}},"68":{"start":{"line":142,"column":20},"end":{"line":142,"column":48}},"69":{"start":{"line":143,"column":20},"end":{"line":143,"column":48}},"70":{"start":{"line":144,"column":20},"end":{"line":144,"column":54}},"71":{"start":{"line":145,"column":20},"end":{"line":145,"column":101}},"72":{"start":{"line":146,"column":20},"end":{"line":146,"column":61}},"73":{"start":{"line":148,"column":20},"end":{"line":154,"column":23}},"74":{"start":{"line":159,"column":8},"end":{"line":159,"column":50}},"75":{"start":{"line":163,"column":26},"end":{"line":163,"column":56}},"76":{"start":{"line":164,"column":24},"end":{"line":164,"column":52}},"77":{"start":{"line":166,"column":8},"end":{"line":168,"column":9}},"78":{"start":{"line":167,"column":12},"end":{"line":167,"column":50}},"79":{"start":{"line":170,"column":25},"end":{"line":170,"column":67}},"80":{"start":{"line":172,"column":8},"end":{"line":174,"column":9}},"81":{"start":{"line":173,"column":12},"end":{"line":173,"column":76}},"82":{"start":{"line":176,"column":8},"end":{"line":176,"column":71}},"83":{"start":{"line":176,"column":41},"end":{"line":176,"column":69}},"84":{"start":{"line":180,"column":22},"end":{"line":180,"column":49}},"85":{"start":{"line":182,"column":8},"end":{"line":184,"column":9}},"86":{"start":{"line":183,"column":12},"end":{"line":183,"column":22}},"87":{"start":{"line":186,"column":28},"end":{"line":199,"column":10}},"88":{"start":{"line":187,"column":12},"end":{"line":198,"column":13}},"89":{"start":{"line":189,"column":20},"end":{"line":189,"column":47}},"90":{"start":{"line":191,"column":20},"end":{"line":191,"column":47}},"91":{"start":{"line":193,"column":20},"end":{"line":193,"column":41}},"92":{"start":{"line":195,"column":20},"end":{"line":195,"column":41}},"93":{"start":{"line":197,"column":20},"end":{"line":197,"column":29}},"94":{"start":{"line":201,"column":8},"end":{"line":207,"column":12}},"95":{"start":{"line":201,"column":101},"end":{"line":207,"column":10}},"96":{"start":{"line":212,"column":26},"end":{"line":212,"column":71}},"97":{"start":{"line":213,"column":24},"end":{"line":213,"column":52}},"98":{"start":{"line":215,"column":8},"end":{"line":217,"column":9}},"99":{"start":{"line":216,"column":12},"end":{"line":216,"column":50}},"100":{"start":{"line":219,"column":25},"end":{"line":219,"column":67}},"101":{"start":{"line":221,"column":8},"end":{"line":223,"column":9}},"102":{"start":{"line":222,"column":12},"end":{"line":222,"column":76}},"103":{"start":{"line":225,"column":32},"end":{"line":230,"column":10}},"104":{"start":{"line":226,"column":12},"end":{"line":228,"column":13}},"105":{"start":{"line":227,"column":16},"end":{"line":227,"column":29}},"106":{"start":{"line":229,"column":12},"end":{"line":229,"column":null}},"107":{"start":{"line":232,"column":8},"end":{"line":234,"column":9}},"108":{"start":{"line":233,"column":12},"end":{"line":233,"column":35}},"109":{"start":{"line":236,"column":8},"end":{"line":240,"column":12}},"110":{"start":{"line":236,"column":46},"end":{"line":240,"column":10}},"111":{"start":{"line":244,"column":8},"end":{"line":246,"column":9}},"112":{"start":{"line":245,"column":12},"end":{"line":245,"column":31}},"113":{"start":{"line":248,"column":26},"end":{"line":248,"column":71}},"114":{"start":{"line":249,"column":24},"end":{"line":249,"column":52}},"115":{"start":{"line":251,"column":8},"end":{"line":253,"column":9}},"116":{"start":{"line":252,"column":12},"end":{"line":252,"column":50}},"117":{"start":{"line":255,"column":25},"end":{"line":255,"column":67}},"118":{"start":{"line":257,"column":8},"end":{"line":259,"column":9}},"119":{"start":{"line":258,"column":12},"end":{"line":258,"column":76}},"120":{"start":{"line":261,"column":8},"end":{"line":261,"column":100}},"121":{"start":{"line":261,"column":43},"end":{"line":261,"column":98}},"122":{"start":{"line":265,"column":21},"end":{"line":265,"column":76}},"123":{"start":{"line":266,"column":8},"end":{"line":266,"column":20}},"124":{"start":{"line":270,"column":23},"end":{"line":270,"column":46}},"125":{"start":{"line":271,"column":8},"end":{"line":271,"column":35}},"126":{"start":{"line":275,"column":21},"end":{"line":275,"column":54}},"127":{"start":{"line":276,"column":54},"end":{"line":276,"column":149}},"128":{"start":{"line":278,"column":8},"end":{"line":280,"column":9}},"129":{"start":{"line":279,"column":12},"end":{"line":279,"column":74}},"130":{"start":{"line":282,"column":29},"end":{"line":282,"column":37}},"131":{"start":{"line":283,"column":24},"end":{"line":283,"column":25}},"132":{"start":{"line":284,"column":43},"end":{"line":284,"column":45}},"133":{"start":{"line":285,"column":64},"end":{"line":285,"column":66}},"134":{"start":{"line":287,"column":8},"end":{"line":306,"column":9}},"135":{"start":{"line":288,"column":12},"end":{"line":288,"column":43}},"136":{"start":{"line":288,"column":37},"end":{"line":288,"column":43}},"137":{"start":{"line":291,"column":30},"end":{"line":291,"column":66}},"138":{"start":{"line":293,"column":12},"end":{"line":293,"column":50}},"139":{"start":{"line":295,"column":12},"end":{"line":295,"column":40}},"140":{"start":{"line":298,"column":39},"end":{"line":298,"column":61}},"141":{"start":{"line":299,"column":12},"end":{"line":305,"column":13}},"142":{"start":{"line":301,"column":16},"end":{"line":301,"column":49}},"143":{"start":{"line":304,"column":16},"end":{"line":304,"column":82}},"144":{"start":{"line":308,"column":8},"end":{"line":310,"column":9}},"145":{"start":{"line":309,"column":12},"end":{"line":309,"column":74}},"146":{"start":{"line":313,"column":8},"end":{"line":313,"column":56}},"147":{"start":{"line":315,"column":8},"end":{"line":315,"column":41}},"148":{"start":{"line":317,"column":8},"end":{"line":317,"column":68}},"149":{"start":{"line":319,"column":8},"end":{"line":319,"column":94}},"150":{"start":{"line":319,"column":55},"end":{"line":319,"column":92}},"151":{"start":{"line":320,"column":8},"end":{"line":326,"column":9}},"152":{"start":{"line":321,"column":12},"end":{"line":325,"column":13}},"153":{"start":{"line":322,"column":16},"end":{"line":324,"column":17}},"154":{"start":{"line":323,"column":20},"end":{"line":323,"column":44}},"155":{"start":{"line":328,"column":8},"end":{"line":328,"column":30}},"156":{"start":{"line":332,"column":23},"end":{"line":332,"column":46}},"157":{"start":{"line":333,"column":8},"end":{"line":333,"column":null}},"158":{"start":{"line":337,"column":8},"end":{"line":339,"column":9}},"159":{"start":{"line":338,"column":12},"end":{"line":338,"column":47}},"160":{"start":{"line":341,"column":8},"end":{"line":343,"column":9}},"161":{"start":{"line":342,"column":12},"end":{"line":342,"column":52}},"162":{"start":{"line":345,"column":21},"end":{"line":345,"column":56}},"163":{"start":{"line":347,"column":8},"end":{"line":349,"column":9}},"164":{"start":{"line":348,"column":12},"end":{"line":348,"column":48}},"165":{"start":{"line":351,"column":8},"end":{"line":353,"column":9}},"166":{"start":{"line":352,"column":12},"end":{"line":352,"column":57}},"167":{"start":{"line":355,"column":8},"end":{"line":357,"column":9}},"168":{"start":{"line":356,"column":12},"end":{"line":356,"column":54}},"169":{"start":{"line":359,"column":8},"end":{"line":361,"column":9}},"170":{"start":{"line":360,"column":12},"end":{"line":360,"column":54}},"171":{"start":{"line":363,"column":8},"end":{"line":365,"column":9}},"172":{"start":{"line":364,"column":12},"end":{"line":364,"column":57}},"173":{"start":{"line":367,"column":21},"end":{"line":367,"column":29}},"174":{"start":{"line":369,"column":8},"end":{"line":373,"column":null}},"175":{"start":{"line":13,"column":13},"end":{"line":13,"column":29}},"176":{"start":{"line":13,"column":13},"end":{"line":375,"column":null}}},"fnMap":{"0":{"name":"(anonymous_2)","decl":{"start":{"line":18,"column":4},"end":{"line":18,"column":null}},"loc":{"start":{"line":19,"column":39},"end":{"line":20,"column":8}}},"1":{"name":"(anonymous_3)","decl":{"start":{"line":22,"column":4},"end":{"line":22,"column":18}},"loc":{"start":{"line":22,"column":55},"end":{"line":24,"column":5}}},"2":{"name":"(anonymous_4)","decl":{"start":{"line":26,"column":4},"end":{"line":26,"column":28}},"loc":{"start":{"line":26,"column":43},"end":{"line":39,"column":5}}},"3":{"name":"(anonymous_5)","decl":{"start":{"line":41,"column":4},"end":{"line":41,"column":13}},"loc":{"start":{"line":41,"column":13},"end":{"line":49,"column":5}}},"4":{"name":"(anonymous_6)","decl":{"start":{"line":51,"column":4},"end":{"line":51,"column":15}},"loc":{"start":{"line":51,"column":35},"end":{"line":85,"column":5}}},"5":{"name":"(anonymous_7)","decl":{"start":{"line":78,"column":47},"end":{"line":78,"column":49}},"loc":{"start":{"line":78,"column":53},"end":{"line":78,"column":63}}},"6":{"name":"(anonymous_8)","decl":{"start":{"line":87,"column":4},"end":{"line":87,"column":12}},"loc":{"start":{"line":87,"column":30},"end":{"line":120,"column":5}}},"7":{"name":"(anonymous_9)","decl":{"start":{"line":113,"column":47},"end":{"line":113,"column":49}},"loc":{"start":{"line":113,"column":53},"end":{"line":113,"column":63}}},"8":{"name":"(anonymous_10)","decl":{"start":{"line":122,"column":4},"end":{"line":122,"column":13}},"loc":{"start":{"line":122,"column":56},"end":{"line":160,"column":5}}},"9":{"name":"(anonymous_11)","decl":{"start":{"line":162,"column":4},"end":{"line":162,"column":12}},"loc":{"start":{"line":162,"column":55},"end":{"line":177,"column":5}}},"10":{"name":"(anonymous_12)","decl":{"start":{"line":176,"column":33},"end":{"line":176,"column":37}},"loc":{"start":{"line":176,"column":41},"end":{"line":176,"column":69}}},"11":{"name":"(anonymous_13)","decl":{"start":{"line":179,"column":4},"end":{"line":179,"column":15}},"loc":{"start":{"line":179,"column":114},"end":{"line":208,"column":5}}},"12":{"name":"(anonymous_14)","decl":{"start":{"line":186,"column":39},"end":{"line":186,"column":40}},"loc":{"start":{"line":186,"column":48},"end":{"line":199,"column":9}}},"13":{"name":"(anonymous_15)","decl":{"start":{"line":201,"column":92},"end":{"line":201,"column":96}},"loc":{"start":{"line":201,"column":101},"end":{"line":207,"column":10}}},"14":{"name":"(anonymous_16)","decl":{"start":{"line":210,"column":4},"end":{"line":210,"column":24}},"loc":{"start":{"line":210,"column":131},"end":{"line":241,"column":5}}},"15":{"name":"(anonymous_17)","decl":{"start":{"line":225,"column":53},"end":{"line":225,"column":59}},"loc":{"start":{"line":225,"column":62},"end":{"line":230,"column":9}}},"16":{"name":"(anonymous_18)","decl":{"start":{"line":236,"column":35},"end":{"line":236,"column":41}},"loc":{"start":{"line":236,"column":46},"end":{"line":240,"column":10}}},"17":{"name":"(anonymous_19)","decl":{"start":{"line":243,"column":4},"end":{"line":243,"column":13}},"loc":{"start":{"line":243,"column":58},"end":{"line":262,"column":5}}},"18":{"name":"(anonymous_20)","decl":{"start":{"line":261,"column":34},"end":{"line":261,"column":39}},"loc":{"start":{"line":261,"column":43},"end":{"line":261,"column":98}}},"19":{"name":"(anonymous_21)","decl":{"start":{"line":264,"column":12},"end":{"line":264,"column":31}},"loc":{"start":{"line":264,"column":49},"end":{"line":267,"column":5}}},"20":{"name":"(anonymous_22)","decl":{"start":{"line":269,"column":12},"end":{"line":269,"column":21}},"loc":{"start":{"line":269,"column":38},"end":{"line":272,"column":5}}},"21":{"name":"(anonymous_23)","decl":{"start":{"line":274,"column":12},"end":{"line":274,"column":19}},"loc":{"start":{"line":274,"column":34},"end":{"line":329,"column":5}}},"22":{"name":"(anonymous_24)","decl":{"start":{"line":319,"column":45},"end":{"line":319,"column":51}},"loc":{"start":{"line":319,"column":55},"end":{"line":319,"column":92}}},"23":{"name":"(anonymous_25)","decl":{"start":{"line":331,"column":12},"end":{"line":331,"column":19}},"loc":{"start":{"line":331,"column":50},"end":{"line":334,"column":5}}},"24":{"name":"(anonymous_26)","decl":{"start":{"line":336,"column":12},"end":{"line":336,"column":24}},"loc":{"start":{"line":336,"column":65},"end":{"line":374,"column":5}}}},"branchMap":{"0":{"loc":{"start":{"line":27,"column":8},"end":{"line":38,"column":9}},"type":"switch","locations":[{"start":{"line":28,"column":12},"end":{"line":29,"column":47}},{"start":{"line":30,"column":12},"end":{"line":31,"column":47}},{"start":{"line":32,"column":12},"end":{"line":33,"column":44}},{"start":{"line":34,"column":12},"end":{"line":35,"column":44}},{"start":{"line":36,"column":12},"end":{"line":37,"column":55}}]},"1":{"loc":{"start":{"line":76,"column":8},"end":{"line":79,"column":9}},"type":"if","locations":[{"start":{"line":76,"column":8},"end":{"line":79,"column":9}}]},"2":{"loc":{"start":{"line":83,"column":16},"end":{"line":83,"column":52}},"type":"cond-expr","locations":[{"start":{"line":83,"column":29},"end":{"line":83,"column":47}},{"start":{"line":83,"column":50},"end":{"line":83,"column":52}}]},"3":{"loc":{"start":{"line":111,"column":8},"end":{"line":114,"column":9}},"type":"if","locations":[{"start":{"line":111,"column":8},"end":{"line":114,"column":9}}]},"4":{"loc":{"start":{"line":118,"column":16},"end":{"line":118,"column":52}},"type":"cond-expr","locations":[{"start":{"line":118,"column":29},"end":{"line":118,"column":47}},{"start":{"line":118,"column":50},"end":{"line":118,"column":52}}]},"5":{"loc":{"start":{"line":126,"column":8},"end":{"line":128,"column":9}},"type":"if","locations":[{"start":{"line":126,"column":8},"end":{"line":128,"column":9}}]},"6":{"loc":{"start":{"line":126,"column":12},"end":{"line":126,"column":50}},"type":"binary-expr","locations":[{"start":{"line":126,"column":12},"end":{"line":126,"column":30}},{"start":{"line":126,"column":34},"end":{"line":126,"column":50}}]},"7":{"loc":{"start":{"line":132,"column":8},"end":{"line":134,"column":9}},"type":"if","locations":[{"start":{"line":132,"column":8},"end":{"line":134,"column":9}}]},"8":{"loc":{"start":{"line":139,"column":12},"end":{"line":156,"column":13}},"type":"if","locations":[{"start":{"line":139,"column":12},"end":{"line":156,"column":13}}]},"9":{"loc":{"start":{"line":141,"column":16},"end":{"line":155,"column":17}},"type":"if","locations":[{"start":{"line":141,"column":16},"end":{"line":155,"column":17}},{"start":{"line":147,"column":23},"end":{"line":155,"column":17}}]},"10":{"loc":{"start":{"line":166,"column":8},"end":{"line":168,"column":9}},"type":"if","locations":[{"start":{"line":166,"column":8},"end":{"line":168,"column":9}}]},"11":{"loc":{"start":{"line":166,"column":12},"end":{"line":166,"column":50}},"type":"binary-expr","locations":[{"start":{"line":166,"column":12},"end":{"line":166,"column":30}},{"start":{"line":166,"column":34},"end":{"line":166,"column":50}}]},"12":{"loc":{"start":{"line":172,"column":8},"end":{"line":174,"column":9}},"type":"if","locations":[{"start":{"line":172,"column":8},"end":{"line":174,"column":9}}]},"13":{"loc":{"start":{"line":182,"column":8},"end":{"line":184,"column":9}},"type":"if","locations":[{"start":{"line":182,"column":8},"end":{"line":184,"column":9}}]},"14":{"loc":{"start":{"line":187,"column":12},"end":{"line":198,"column":13}},"type":"switch","locations":[{"start":{"line":188,"column":16},"end":{"line":189,"column":47}},{"start":{"line":190,"column":16},"end":{"line":191,"column":47}},{"start":{"line":192,"column":16},"end":{"line":193,"column":41}},{"start":{"line":194,"column":16},"end":{"line":195,"column":41}},{"start":{"line":196,"column":16},"end":{"line":197,"column":29}}]},"15":{"loc":{"start":{"line":201,"column":16},"end":{"line":201,"column":86}},"type":"cond-expr","locations":[{"start":{"line":201,"column":45},"end":{"line":201,"column":72}},{"start":{"line":201,"column":75},"end":{"line":201,"column":86}}]},"16":{"loc":{"start":{"line":210,"column":42},"end":{"line":210,"column":62}},"type":"default-arg","locations":[{"start":{"line":210,"column":57},"end":{"line":210,"column":62}}]},"17":{"loc":{"start":{"line":212,"column":51},"end":{"line":212,"column":70}},"type":"binary-expr","locations":[{"start":{"line":212,"column":51},"end":{"line":212,"column":55}},{"start":{"line":212,"column":59},"end":{"line":212,"column":70}}]},"18":{"loc":{"start":{"line":215,"column":8},"end":{"line":217,"column":9}},"type":"if","locations":[{"start":{"line":215,"column":8},"end":{"line":217,"column":9}}]},"19":{"loc":{"start":{"line":215,"column":12},"end":{"line":215,"column":50}},"type":"binary-expr","locations":[{"start":{"line":215,"column":12},"end":{"line":215,"column":30}},{"start":{"line":215,"column":34},"end":{"line":215,"column":50}}]},"20":{"loc":{"start":{"line":221,"column":8},"end":{"line":223,"column":9}},"type":"if","locations":[{"start":{"line":221,"column":8},"end":{"line":223,"column":9}}]},"21":{"loc":{"start":{"line":226,"column":12},"end":{"line":228,"column":13}},"type":"if","locations":[{"start":{"line":226,"column":12},"end":{"line":228,"column":13}}]},"22":{"loc":{"start":{"line":226,"column":16},"end":{"line":226,"column":41}},"type":"binary-expr","locations":[{"start":{"line":226,"column":16},"end":{"line":226,"column":19}},{"start":{"line":226,"column":23},"end":{"line":226,"column":41}}]},"23":{"loc":{"start":{"line":232,"column":8},"end":{"line":234,"column":9}},"type":"if","locations":[{"start":{"line":232,"column":8},"end":{"line":234,"column":9}}]},"24":{"loc":{"start":{"line":232,"column":12},"end":{"line":232,"column":51}},"type":"binary-expr","locations":[{"start":{"line":232,"column":12},"end":{"line":232,"column":24}},{"start":{"line":232,"column":28},"end":{"line":232,"column":51}}]},"25":{"loc":{"start":{"line":244,"column":8},"end":{"line":246,"column":9}},"type":"if","locations":[{"start":{"line":244,"column":8},"end":{"line":246,"column":9}}]},"26":{"loc":{"start":{"line":244,"column":12},"end":{"line":244,"column":24}},"type":"binary-expr","locations":[{"start":{"line":244,"column":12},"end":{"line":244,"column":17}},{"start":{"line":244,"column":21},"end":{"line":244,"column":24}}]},"27":{"loc":{"start":{"line":248,"column":51},"end":{"line":248,"column":70}},"type":"binary-expr","locations":[{"start":{"line":248,"column":51},"end":{"line":248,"column":55}},{"start":{"line":248,"column":59},"end":{"line":248,"column":70}}]},"28":{"loc":{"start":{"line":251,"column":8},"end":{"line":253,"column":9}},"type":"if","locations":[{"start":{"line":251,"column":8},"end":{"line":253,"column":9}}]},"29":{"loc":{"start":{"line":251,"column":12},"end":{"line":251,"column":50}},"type":"binary-expr","locations":[{"start":{"line":251,"column":12},"end":{"line":251,"column":30}},{"start":{"line":251,"column":34},"end":{"line":251,"column":50}}]},"30":{"loc":{"start":{"line":257,"column":8},"end":{"line":259,"column":9}},"type":"if","locations":[{"start":{"line":257,"column":8},"end":{"line":259,"column":9}}]},"31":{"loc":{"start":{"line":278,"column":8},"end":{"line":280,"column":9}},"type":"if","locations":[{"start":{"line":278,"column":8},"end":{"line":280,"column":9}}]},"32":{"loc":{"start":{"line":288,"column":12},"end":{"line":288,"column":43}},"type":"if","locations":[{"start":{"line":288,"column":12},"end":{"line":288,"column":43}}]},"33":{"loc":{"start":{"line":299,"column":12},"end":{"line":305,"column":13}},"type":"if","locations":[{"start":{"line":299,"column":12},"end":{"line":305,"column":13}},{"start":{"line":302,"column":19},"end":{"line":305,"column":13}}]},"34":{"loc":{"start":{"line":308,"column":8},"end":{"line":310,"column":9}},"type":"if","locations":[{"start":{"line":308,"column":8},"end":{"line":310,"column":9}}]},"35":{"loc":{"start":{"line":322,"column":16},"end":{"line":324,"column":17}},"type":"if","locations":[{"start":{"line":322,"column":16},"end":{"line":324,"column":17}}]},"36":{"loc":{"start":{"line":337,"column":8},"end":{"line":339,"column":9}},"type":"if","locations":[{"start":{"line":337,"column":8},"end":{"line":339,"column":9}}]},"37":{"loc":{"start":{"line":341,"column":8},"end":{"line":343,"column":9}},"type":"if","locations":[{"start":{"line":341,"column":8},"end":{"line":343,"column":9}}]},"38":{"loc":{"start":{"line":347,"column":8},"end":{"line":349,"column":9}},"type":"if","locations":[{"start":{"line":347,"column":8},"end":{"line":349,"column":9}}]},"39":{"loc":{"start":{"line":351,"column":8},"end":{"line":353,"column":9}},"type":"if","locations":[{"start":{"line":351,"column":8},"end":{"line":353,"column":9}}]},"40":{"loc":{"start":{"line":355,"column":8},"end":{"line":357,"column":9}},"type":"if","locations":[{"start":{"line":355,"column":8},"end":{"line":357,"column":9}}]},"41":{"loc":{"start":{"line":359,"column":8},"end":{"line":361,"column":9}},"type":"if","locations":[{"start":{"line":359,"column":8},"end":{"line":361,"column":9}}]},"42":{"loc":{"start":{"line":363,"column":8},"end":{"line":365,"column":9}},"type":"if","locations":[{"start":{"line":363,"column":8},"end":{"line":365,"column":9}}]}},"s":{"0":2,"1":2,"2":2,"3":2,"4":2,"5":2,"6":2,"7":2,"8":22,"9":22,"10":22,"11":22,"12":2,"13":0,"14":0,"15":0,"16":0,"17":0,"18":0,"19":2,"20":2,"21":2,"22":2,"23":2,"24":18,"25":18,"26":18,"27":18,"28":50,"29":50,"30":47,"31":3,"32":3,"33":3,"34":18,"35":18,"36":1,"37":1,"38":2,"39":17,"40":11,"41":11,"42":11,"43":11,"44":44,"45":44,"46":42,"47":2,"48":2,"49":2,"50":11,"51":11,"52":0,"53":0,"54":0,"55":11,"56":1,"57":1,"58":1,"59":0,"60":1,"61":1,"62":0,"63":1,"64":1,"65":4,"66":4,"67":4,"68":2,"69":2,"70":2,"71":2,"72":2,"73":2,"74":1,"75":6,"76":6,"77":6,"78":0,"79":6,"80":6,"81":0,"82":6,"83":24,"84":6,"85":6,"86":0,"87":6,"88":24,"89":11,"90":3,"91":5,"92":5,"93":0,"94":6,"95":20,"96":57,"97":57,"98":57,"99":0,"100":57,"101":57,"102":0,"103":57,"104":159,"105":64,"106":95,"107":57,"108":48,"109":9,"110":17,"111":2,"112":2,"113":0,"114":0,"115":0,"116":0,"117":0,"118":0,"119":0,"120":0,"121":0,"122":222,"123":222,"124":50,"125":47,"126":44,"127":44,"128":44,"129":0,"130":44,"131":44,"132":44,"133":44,"134":44,"135":53,"136":5,"137":48,"138":48,"139":48,"140":48,"141":48,"142":7,"143":41,"144":44,"145":2,"146":42,"147":42,"148":42,"149":42,"150":99,"151":42,"152":94,"153":92,"154":41,"155":42,"156":44,"157":44,"158":94,"159":0,"160":94,"161":0,"162":94,"163":94,"164":0,"165":94,"166":0,"167":94,"168":0,"169":94,"170":1,"171":93,"172":2,"173":91,"174":91,"175":2,"176":2},"f":{"0":22,"1":2,"2":0,"3":2,"4":18,"5":2,"6":11,"7":0,"8":1,"9":6,"10":24,"11":6,"12":24,"13":20,"14":57,"15":159,"16":17,"17":2,"18":0,"19":222,"20":50,"21":44,"22":99,"23":44,"24":94},"b":{"0":[0,0,0,0,0],"1":[1],"2":[1,16],"3":[0],"4":[2,9],"5":[0],"6":[1,1],"7":[0],"8":[4],"9":[2,2],"10":[0],"11":[6,6],"12":[0],"13":[0],"14":[11,3,5,5,0],"15":[1,5],"16":[10],"17":[57,47],"18":[0],"19":[57,57],"20":[0],"21":[64],"22":[159,131],"23":[48],"24":[57,10],"25":[2],"26":[2,2],"27":[0,0],"28":[0],"29":[0,0],"30":[0],"31":[0],"32":[5],"33":[7,41],"34":[2],"35":[41],"36":[0],"37":[0],"38":[0],"39":[0],"40":[0],"41":[1],"42":[2]}}
}
