TN:
SF:src/app.module.ts
FNF:0
FNH:0
DA:1,0
DA:2,0
DA:3,0
DA:17,0
LF:4
LH:0
BRF:0
BRH:0
end_of_record
TN:
SF:src/main.ts
FN:6,bootstrap
FNF:1
FNH:0
FNDA:0,bootstrap
DA:1,0
DA:2,0
DA:3,0
DA:4,0
DA:7,0
DA:10,0
DA:18,0
DA:20,0
DA:22,0
LF:9
LH:0
BRF:0
BRH:0
end_of_record
TN:
SF:src/warehouse/types.ts
FN:38,(anonymous_0)
FNF:1
FNH:1
FNDA:2,(anonymous_0)
DA:38,2
DA:39,2
DA:40,2
DA:41,2
DA:42,2
LF:5
LH:5
BRDA:38,0,0,2
BRDA:38,0,1,2
BRF:2
BRH:2
end_of_record
TN:
SF:src/warehouse/warehouse.controller.ts
FN:16,(anonymous_4)
FN:21,(anonymous_5)
FN:38,(anonymous_6)
FN:55,(anonymous_7)
FN:69,(anonymous_8)
FN:83,(anonymous_9)
FN:96,(anonymous_10)
FN:124,(anonymous_11)
FNF:8
FNH:1
FNDA:1,(anonymous_4)
FNDA:0,(anonymous_5)
FNDA:0,(anonymous_6)
FNDA:0,(anonymous_7)
FNDA:0,(anonymous_8)
FNDA:0,(anonymous_9)
FNDA:0,(anonymous_10)
FNDA:0,(anonymous_11)
DA:1,1
DA:11,1
DA:12,1
DA:15,1
DA:16,1
DA:21,1
DA:22,0
DA:23,0
DA:24,0
DA:26,0
DA:27,0
DA:28,0
DA:29,0
DA:31,0
DA:32,0
DA:38,1
DA:39,0
DA:40,0
DA:41,0
DA:43,0
DA:44,0
DA:45,0
DA:46,0
DA:48,0
DA:49,0
DA:55,1
DA:56,0
DA:57,0
DA:58,0
DA:59,0
DA:61,0
DA:62,0
DA:69,1
DA:70,0
DA:71,0
DA:72,0
DA:73,0
DA:75,0
DA:76,0
DA:83,1
DA:84,0
DA:85,0
DA:86,0
DA:88,0
DA:89,0
DA:96,1
DA:103,0
DA:104,0
DA:105,0
DA:107,0
DA:108,0
DA:111,0
DA:112,0
DA:113,0
DA:114,0
DA:116,0
DA:117,0
DA:124,1
DA:125,0
DA:126,0
DA:127,0
DA:128,0
DA:130,0
LF:63
LH:12
BRDA:22,0,0,0
BRDA:27,1,0,0
BRDA:39,2,0,0
BRDA:44,3,0,0
BRDA:104,4,0,0
BRDA:107,5,0,0
BRF:6
BRH:0
end_of_record
TN:
SF:src/warehouse/warehouse.ts
FN:18,(anonymous_2)
FN:22,(anonymous_3)
FN:26,(anonymous_4)
FN:41,(anonymous_5)
FN:51,(anonymous_6)
FN:78,(anonymous_7)
FN:87,(anonymous_8)
FN:113,(anonymous_9)
FN:122,(anonymous_10)
FN:162,(anonymous_11)
FN:176,(anonymous_12)
FN:179,(anonymous_13)
FN:186,(anonymous_14)
FN:201,(anonymous_15)
FN:210,(anonymous_16)
FN:225,(anonymous_17)
FN:236,(anonymous_18)
FN:243,(anonymous_19)
FN:261,(anonymous_20)
FN:264,(anonymous_21)
FN:269,(anonymous_22)
FN:274,(anonymous_23)
FN:319,(anonymous_24)
FN:331,(anonymous_25)
FN:336,(anonymous_26)
FNF:25
FNH:22
FNDA:22,(anonymous_2)
FNDA:2,(anonymous_3)
FNDA:0,(anonymous_4)
FNDA:2,(anonymous_5)
FNDA:18,(anonymous_6)
FNDA:2,(anonymous_7)
FNDA:11,(anonymous_8)
FNDA:0,(anonymous_9)
FNDA:1,(anonymous_10)
FNDA:6,(anonymous_11)
FNDA:24,(anonymous_12)
FNDA:6,(anonymous_13)
FNDA:24,(anonymous_14)
FNDA:20,(anonymous_15)
FNDA:57,(anonymous_16)
FNDA:159,(anonymous_17)
FNDA:17,(anonymous_18)
FNDA:2,(anonymous_19)
FNDA:0,(anonymous_20)
FNDA:222,(anonymous_21)
FNDA:50,(anonymous_22)
FNDA:44,(anonymous_23)
FNDA:99,(anonymous_24)
FNDA:44,(anonymous_25)
FNDA:94,(anonymous_26)
DA:1,2
DA:2,2
DA:3,2
DA:4,2
DA:6,2
DA:7,2
DA:8,2
DA:13,2
DA:14,22
DA:15,22
DA:16,22
DA:19,22
DA:23,2
DA:27,0
DA:29,0
DA:31,0
DA:33,0
DA:35,0
DA:37,0
DA:43,2
DA:44,2
DA:45,2
DA:46,2
DA:48,2
DA:52,18
DA:53,18
DA:54,18
DA:56,18
DA:57,50
DA:59,50
DA:60,47
DA:62,3
DA:63,3
DA:70,3
DA:74,18
DA:76,18
DA:77,1
DA:78,2
DA:81,17
DA:88,11
DA:89,11
DA:90,11
DA:92,11
DA:93,44
DA:94,44
DA:95,42
DA:97,2
DA:98,2
DA:105,2
DA:109,11
DA:111,11
DA:112,0
DA:113,0
DA:116,11
DA:123,1
DA:124,1
DA:126,1
DA:127,0
DA:130,1
DA:132,1
DA:133,0
DA:136,1
DA:138,1
DA:139,4
DA:140,4
DA:141,4
DA:142,2
DA:143,2
DA:144,2
DA:145,2
DA:146,2
DA:148,2
DA:159,1
DA:163,6
DA:164,6
DA:166,6
DA:167,0
DA:170,6
DA:172,6
DA:173,0
DA:176,24
DA:180,6
DA:182,6
DA:183,0
DA:186,6
DA:187,24
DA:189,11
DA:191,3
DA:193,5
DA:195,5
DA:197,0
DA:201,20
DA:212,57
DA:213,57
DA:215,57
DA:216,0
DA:219,57
DA:221,57
DA:222,0
DA:225,57
DA:226,159
DA:227,64
DA:229,95
DA:232,57
DA:233,48
DA:236,17
DA:244,2
DA:245,2
DA:248,0
DA:249,0
DA:251,0
DA:252,0
DA:255,0
DA:257,0
DA:258,0
DA:261,0
DA:265,222
DA:266,222
DA:270,50
DA:271,47
DA:275,44
DA:276,44
DA:278,44
DA:279,0
DA:282,44
DA:283,44
DA:284,44
DA:285,44
DA:287,44
DA:288,53
DA:291,48
DA:293,48
DA:295,48
DA:298,48
DA:299,48
DA:301,7
DA:304,41
DA:308,44
DA:309,2
DA:313,42
DA:315,42
DA:317,42
DA:319,99
DA:320,42
DA:321,94
DA:322,92
DA:323,41
DA:328,42
DA:332,44
DA:333,44
DA:337,94
DA:338,0
DA:341,94
DA:342,0
DA:345,94
DA:347,94
DA:348,0
DA:351,94
DA:352,0
DA:355,94
DA:356,0
DA:359,94
DA:360,1
DA:363,93
DA:364,2
DA:367,91
DA:369,91
LF:167
LH:137
BRDA:27,0,0,0
BRDA:27,0,1,0
BRDA:27,0,2,0
BRDA:27,0,3,0
BRDA:27,0,4,0
BRDA:76,1,0,1
BRDA:83,2,0,1
BRDA:83,2,1,16
BRDA:111,3,0,0
BRDA:118,4,0,2
BRDA:118,4,1,9
BRDA:126,5,0,0
BRDA:126,6,0,1
BRDA:126,6,1,1
BRDA:132,7,0,0
BRDA:139,8,0,4
BRDA:141,9,0,2
BRDA:141,9,1,2
BRDA:166,10,0,0
BRDA:166,11,0,6
BRDA:166,11,1,6
BRDA:172,12,0,0
BRDA:182,13,0,0
BRDA:187,14,0,11
BRDA:187,14,1,3
BRDA:187,14,2,5
BRDA:187,14,3,5
BRDA:187,14,4,0
BRDA:201,15,0,1
BRDA:201,15,1,5
BRDA:210,16,0,10
BRDA:212,17,0,57
BRDA:212,17,1,47
BRDA:215,18,0,0
BRDA:215,19,0,57
BRDA:215,19,1,57
BRDA:221,20,0,0
BRDA:226,21,0,64
BRDA:226,22,0,159
BRDA:226,22,1,131
BRDA:232,23,0,48
BRDA:232,24,0,57
BRDA:232,24,1,10
BRDA:244,25,0,2
BRDA:244,26,0,2
BRDA:244,26,1,2
BRDA:248,27,0,0
BRDA:248,27,1,0
BRDA:251,28,0,0
BRDA:251,29,0,0
BRDA:251,29,1,0
BRDA:257,30,0,0
BRDA:278,31,0,0
BRDA:288,32,0,5
BRDA:299,33,0,7
BRDA:299,33,1,41
BRDA:308,34,0,2
BRDA:322,35,0,41
BRDA:337,36,0,0
BRDA:341,37,0,0
BRDA:347,38,0,0
BRDA:351,39,0,0
BRDA:355,40,0,0
BRDA:359,41,0,1
BRDA:363,42,0,2
BRF:65
BRH:39
end_of_record
